2024-05-28 19:36:19 - HV000001: Hibernate Validator 8.0.1.Final
2024-05-28 19:36:19 - Starting EhrPluginApplication v0.0.1-SNAPSHOT using Java 17.0.11 with PID 1 (/app/app.jar started by root in /app)
2024-05-28 19:36:19 - The following 1 profile is active: "prod"
2024-05-28 19:36:20 - Bootstrapping Spring Data JPA repositories in DEFAULT mode.
2024-05-28 19:36:20 - Finished Spring Data repository scanning in 38 ms. Found 1 JPA repository interface.
2024-05-28 19:36:21 - Tomcat initialized with port 8080 (http)
2024-05-28 19:36:21 - Initializing ProtocolHandler ["http-nio-8080"]
2024-05-28 19:36:21 - Starting service [Tomcat]
2024-05-28 19:36:21 - Starting Servlet engine: [Apache Tomcat/10.1.19]
2024-05-28 19:36:21 - Initializing Spring embedded WebApplicationContext
2024-05-28 19:36:21 - Root WebApplicationContext: initialization completed in 1483 ms
2024-05-28 19:36:21 - Filter 'webMvcObservationFilter' configured for use
2024-05-28 19:36:21 - HikariPool-1 - Starting...
2024-05-28 19:36:21 - HikariPool-1 - Added connection org.postgresql.jdbc.PgConnection@224e6e88
2024-05-28 19:36:21 - HikariPool-1 - Start completed.
2024-05-28 19:36:21 - Set default schema name to public
2024-05-28 19:36:21 - Reading from public.databasechangelog
2024-05-28 19:36:21 - Database is up to date, no changesets to execute
2024-05-28 19:36:21 - Reading from public.databasechangelog
2024-05-28 19:36:22 - UPDATE SUMMARY
2024-05-28 19:36:22 - Run:                          0
2024-05-28 19:36:22 - Previously run:               3
2024-05-28 19:36:22 - Filtered out:                 0
2024-05-28 19:36:22 - -------------------------------
2024-05-28 19:36:22 - Total change sets:            3
2024-05-28 19:36:22 - Update summary generated
2024-05-28 19:36:22 - Successfully released change log lock
2024-05-28 19:36:22 - Command execution complete
2024-05-28 19:36:22 - HHH000204: Processing PersistenceUnitInfo [name: default]
2024-05-28 19:36:22 - HHH000412: Hibernate ORM core version 6.4.4.Final
2024-05-28 19:36:22 - HHH000026: Second-level cache disabled
2024-05-28 19:36:22 - No LoadTimeWeaver setup: ignoring JPA class transformer
2024-05-28 19:36:22 - HHH90000025: PostgreSQLDialect does not need to be specified explicitly using 'hibernate.dialect' (remove the property setting and it will be selected by default)
2024-05-28 19:36:22 - HHH000489: No JTA platform available (set 'hibernate.transaction.jta.platform' to enable JTA platform integration)
2024-05-28 19:36:22 - Initialized JPA EntityManagerFactory for persistence unit 'default'
2024-05-28 19:36:23 - spring.jpa.open-in-view is enabled by default. Therefore, database queries may be performed during view rendering. Explicitly configure spring.jpa.open-in-view to disable this warning
2024-05-28 19:36:23 - 21 mappings in 'requestMappingHandlerMapping'
2024-05-28 19:36:23 - Patterns [/webjars/**, /**, /swagger-ui*/*swagger-initializer.js, /swagger-ui*/**] in 'resourceHandlerMapping'
2024-05-28 19:36:23 - ControllerAdvice beans: 0 @ModelAttribute, 0 @InitBinder, 1 RequestBodyAdvice, 1 ResponseBodyAdvice
2024-05-28 19:36:23 - ControllerAdvice beans: 2 @ExceptionHandler, 1 ResponseBodyAdvice
2024-05-28 19:36:23 - Exposing 1 endpoint(s) beneath base path '/actuator'
2024-05-28 19:36:23 - Starting ProtocolHandler ["http-nio-8080"]
2024-05-28 19:36:23 - Tomcat started on port 8080 (http) with context path ''
2024-05-28 19:36:24 - ConsumerConfig values: 
	allow.auto.create.topics = true
	auto.commit.interval.ms = 5000
	auto.include.jmx.reporter = true
	auto.offset.reset = latest
	bootstrap.servers = [kafka:9093]
	check.crcs = true
	client.dns.lookup = use_all_dns_ips
	client.id = consumer-group2-1
	client.rack = 
	connections.max.idle.ms = 540000
	default.api.timeout.ms = 60000
	enable.auto.commit = false
	exclude.internal.topics = true
	fetch.max.bytes = 52428800
	fetch.max.wait.ms = 500
	fetch.min.bytes = 1
	group.id = group2
	group.instance.id = null
	heartbeat.interval.ms = 3000
	interceptor.classes = []
	internal.leave.group.on.close = true
	internal.throw.on.fetch.stable.offset.unsupported = false
	isolation.level = read_uncommitted
	key.deserializer = class org.apache.kafka.common.serialization.StringDeserializer
	max.partition.fetch.bytes = 1048576
	max.poll.interval.ms = 300000
	max.poll.records = 500
	metadata.max.age.ms = 300000
	metric.reporters = []
	metrics.num.samples = 2
	metrics.recording.level = INFO
	metrics.sample.window.ms = 30000
	partition.assignment.strategy = [class org.apache.kafka.clients.consumer.RangeAssignor, class org.apache.kafka.clients.consumer.CooperativeStickyAssignor]
	receive.buffer.bytes = 65536
	reconnect.backoff.max.ms = 1000
	reconnect.backoff.ms = 50
	request.timeout.ms = 30000
	retry.backoff.ms = 100
	sasl.client.callback.handler.class = null
	sasl.jaas.config = null
	sasl.kerberos.kinit.cmd = /usr/bin/kinit
	sasl.kerberos.min.time.before.relogin = 60000
	sasl.kerberos.service.name = null
	sasl.kerberos.ticket.renew.jitter = 0.05
	sasl.kerberos.ticket.renew.window.factor = 0.8
	sasl.login.callback.handler.class = null
	sasl.login.class = null
	sasl.login.connect.timeout.ms = null
	sasl.login.read.timeout.ms = null
	sasl.login.refresh.buffer.seconds = 300
	sasl.login.refresh.min.period.seconds = 60
	sasl.login.refresh.window.factor = 0.8
	sasl.login.refresh.window.jitter = 0.05
	sasl.login.retry.backoff.max.ms = 10000
	sasl.login.retry.backoff.ms = 100
	sasl.mechanism = GSSAPI
	sasl.oauthbearer.clock.skew.seconds = 30
	sasl.oauthbearer.expected.audience = null
	sasl.oauthbearer.expected.issuer = null
	sasl.oauthbearer.jwks.endpoint.refresh.ms = 3600000
	sasl.oauthbearer.jwks.endpoint.retry.backoff.max.ms = 10000
	sasl.oauthbearer.jwks.endpoint.retry.backoff.ms = 100
	sasl.oauthbearer.jwks.endpoint.url = null
	sasl.oauthbearer.scope.claim.name = scope
	sasl.oauthbearer.sub.claim.name = sub
	sasl.oauthbearer.token.endpoint.url = null
	security.protocol = PLAINTEXT
	security.providers = null
	send.buffer.bytes = 131072
	session.timeout.ms = 45000
	socket.connection.setup.timeout.max.ms = 30000
	socket.connection.setup.timeout.ms = 10000
	ssl.cipher.suites = null
	ssl.enabled.protocols = [TLSv1.2, TLSv1.3]
	ssl.endpoint.identification.algorithm = https
	ssl.engine.factory.class = null
	ssl.key.password = null
	ssl.keymanager.algorithm = SunX509
	ssl.keystore.certificate.chain = null
	ssl.keystore.key = null
	ssl.keystore.location = null
	ssl.keystore.password = null
	ssl.keystore.type = JKS
	ssl.protocol = TLSv1.3
	ssl.provider = null
	ssl.secure.random.implementation = null
	ssl.trustmanager.algorithm = PKIX
	ssl.truststore.certificates = null
	ssl.truststore.location = null
	ssl.truststore.password = null
	ssl.truststore.type = JKS
	value.deserializer = class org.springframework.kafka.support.serializer.JsonDeserializer

2024-05-28 19:36:24 - Kafka version: 3.6.1
2024-05-28 19:36:24 - Kafka commitId: 5e3c2b738d253ff5
2024-05-28 19:36:24 - Kafka startTimeMs: 1716924984143
2024-05-28 19:36:24 - [Consumer clientId=consumer-group2-1, groupId=group2] Subscribed to topic(s): topic2
2024-05-28 19:36:24 - ConsumerConfig values: 
	allow.auto.create.topics = true
	auto.commit.interval.ms = 5000
	auto.include.jmx.reporter = true
	auto.offset.reset = latest
	bootstrap.servers = [kafka:9093]
	check.crcs = true
	client.dns.lookup = use_all_dns_ips
	client.id = consumer-group1-2
	client.rack = 
	connections.max.idle.ms = 540000
	default.api.timeout.ms = 60000
	enable.auto.commit = false
	exclude.internal.topics = true
	fetch.max.bytes = 52428800
	fetch.max.wait.ms = 500
	fetch.min.bytes = 1
	group.id = group1
	group.instance.id = null
	heartbeat.interval.ms = 3000
	interceptor.classes = []
	internal.leave.group.on.close = true
	internal.throw.on.fetch.stable.offset.unsupported = false
	isolation.level = read_uncommitted
	key.deserializer = class org.apache.kafka.common.serialization.StringDeserializer
	max.partition.fetch.bytes = 1048576
	max.poll.interval.ms = 300000
	max.poll.records = 500
	metadata.max.age.ms = 300000
	metric.reporters = []
	metrics.num.samples = 2
	metrics.recording.level = INFO
	metrics.sample.window.ms = 30000
	partition.assignment.strategy = [class org.apache.kafka.clients.consumer.RangeAssignor, class org.apache.kafka.clients.consumer.CooperativeStickyAssignor]
	receive.buffer.bytes = 65536
	reconnect.backoff.max.ms = 1000
	reconnect.backoff.ms = 50
	request.timeout.ms = 30000
	retry.backoff.ms = 100
	sasl.client.callback.handler.class = null
	sasl.jaas.config = null
	sasl.kerberos.kinit.cmd = /usr/bin/kinit
	sasl.kerberos.min.time.before.relogin = 60000
	sasl.kerberos.service.name = null
	sasl.kerberos.ticket.renew.jitter = 0.05
	sasl.kerberos.ticket.renew.window.factor = 0.8
	sasl.login.callback.handler.class = null
	sasl.login.class = null
	sasl.login.connect.timeout.ms = null
	sasl.login.read.timeout.ms = null
	sasl.login.refresh.buffer.seconds = 300
	sasl.login.refresh.min.period.seconds = 60
	sasl.login.refresh.window.factor = 0.8
	sasl.login.refresh.window.jitter = 0.05
	sasl.login.retry.backoff.max.ms = 10000
	sasl.login.retry.backoff.ms = 100
	sasl.mechanism = GSSAPI
	sasl.oauthbearer.clock.skew.seconds = 30
	sasl.oauthbearer.expected.audience = null
	sasl.oauthbearer.expected.issuer = null
	sasl.oauthbearer.jwks.endpoint.refresh.ms = 3600000
	sasl.oauthbearer.jwks.endpoint.retry.backoff.max.ms = 10000
	sasl.oauthbearer.jwks.endpoint.retry.backoff.ms = 100
	sasl.oauthbearer.jwks.endpoint.url = null
	sasl.oauthbearer.scope.claim.name = scope
	sasl.oauthbearer.sub.claim.name = sub
	sasl.oauthbearer.token.endpoint.url = null
	security.protocol = PLAINTEXT
	security.providers = null
	send.buffer.bytes = 131072
	session.timeout.ms = 45000
	socket.connection.setup.timeout.max.ms = 30000
	socket.connection.setup.timeout.ms = 10000
	ssl.cipher.suites = null
	ssl.enabled.protocols = [TLSv1.2, TLSv1.3]
	ssl.endpoint.identification.algorithm = https
	ssl.engine.factory.class = null
	ssl.key.password = null
	ssl.keymanager.algorithm = SunX509
	ssl.keystore.certificate.chain = null
	ssl.keystore.key = null
	ssl.keystore.location = null
	ssl.keystore.password = null
	ssl.keystore.type = JKS
	ssl.protocol = TLSv1.3
	ssl.provider = null
	ssl.secure.random.implementation = null
	ssl.trustmanager.algorithm = PKIX
	ssl.truststore.certificates = null
	ssl.truststore.location = null
	ssl.truststore.password = null
	ssl.truststore.type = JKS
	value.deserializer = class org.springframework.kafka.support.serializer.JsonDeserializer

2024-05-28 19:36:24 - Kafka version: 3.6.1
2024-05-28 19:36:24 - Kafka commitId: 5e3c2b738d253ff5
2024-05-28 19:36:24 - Kafka startTimeMs: 1716924984163
2024-05-28 19:36:24 - [Consumer clientId=consumer-group1-2, groupId=group1] Subscribed to topic(s): topic1
2024-05-28 19:36:24 - Started EhrPluginApplication in 4.967 seconds (process running for 5.308)
2024-05-28 19:36:24 - [Consumer clientId=consumer-group1-2, groupId=group1] Cluster ID: qFU-lY0mRSyn-HJU68YCCA
2024-05-28 19:36:24 - [Consumer clientId=consumer-group2-1, groupId=group2] Cluster ID: qFU-lY0mRSyn-HJU68YCCA
2024-05-28 19:36:24 - [Consumer clientId=consumer-group1-2, groupId=group1] Discovered group coordinator kafka:9093 (id: 2147482646 rack: null)
2024-05-28 19:36:24 - [Consumer clientId=consumer-group2-1, groupId=group2] Discovered group coordinator kafka:9093 (id: 2147482646 rack: null)
2024-05-28 19:36:24 - [Consumer clientId=consumer-group1-2, groupId=group1] (Re-)joining group
2024-05-28 19:36:24 - [Consumer clientId=consumer-group2-1, groupId=group2] (Re-)joining group
2024-05-28 19:36:24 - [Consumer clientId=consumer-group2-1, groupId=group2] Request joining group due to: need to re-join with the given member-id: consumer-group2-1-7b11822e-efd0-461d-b077-4fc0271071db
2024-05-28 19:36:24 - [Consumer clientId=consumer-group1-2, groupId=group1] Request joining group due to: need to re-join with the given member-id: consumer-group1-2-556f8a12-f163-4cad-baf3-512ca2b29f2d
2024-05-28 19:36:24 - [Consumer clientId=consumer-group2-1, groupId=group2] Request joining group due to: rebalance failed due to 'The group member needs to have a valid member id before actually entering a consumer group.' (MemberIdRequiredException)
2024-05-28 19:36:24 - [Consumer clientId=consumer-group1-2, groupId=group1] Request joining group due to: rebalance failed due to 'The group member needs to have a valid member id before actually entering a consumer group.' (MemberIdRequiredException)
2024-05-28 19:36:24 - [Consumer clientId=consumer-group2-1, groupId=group2] (Re-)joining group
2024-05-28 19:36:24 - [Consumer clientId=consumer-group1-2, groupId=group1] (Re-)joining group
2024-05-28 19:36:27 - [Consumer clientId=consumer-group1-2, groupId=group1] Successfully joined group with generation Generation{generationId=18, memberId='consumer-group1-2-556f8a12-f163-4cad-baf3-512ca2b29f2d', protocol='range'}
2024-05-28 19:36:27 - [Consumer clientId=consumer-group2-1, groupId=group2] Successfully joined group with generation Generation{generationId=18, memberId='consumer-group2-1-7b11822e-efd0-461d-b077-4fc0271071db', protocol='range'}
2024-05-28 19:36:27 - [Consumer clientId=consumer-group2-1, groupId=group2] Finished assignment for group at generation 18: {consumer-group2-1-7b11822e-efd0-461d-b077-4fc0271071db=Assignment(partitions=[topic2-0])}
2024-05-28 19:36:27 - [Consumer clientId=consumer-group1-2, groupId=group1] Finished assignment for group at generation 18: {consumer-group1-2-556f8a12-f163-4cad-baf3-512ca2b29f2d=Assignment(partitions=[topic1-0])}
2024-05-28 19:36:27 - [Consumer clientId=consumer-group1-2, groupId=group1] Successfully synced group in generation Generation{generationId=18, memberId='consumer-group1-2-556f8a12-f163-4cad-baf3-512ca2b29f2d', protocol='range'}
2024-05-28 19:36:27 - [Consumer clientId=consumer-group2-1, groupId=group2] Successfully synced group in generation Generation{generationId=18, memberId='consumer-group2-1-7b11822e-efd0-461d-b077-4fc0271071db', protocol='range'}
2024-05-28 19:36:27 - [Consumer clientId=consumer-group2-1, groupId=group2] Notifying assignor about the new Assignment(partitions=[topic2-0])
2024-05-28 19:36:27 - [Consumer clientId=consumer-group1-2, groupId=group1] Notifying assignor about the new Assignment(partitions=[topic1-0])
2024-05-28 19:36:27 - [Consumer clientId=consumer-group2-1, groupId=group2] Adding newly assigned partitions: topic2-0
2024-05-28 19:36:27 - [Consumer clientId=consumer-group1-2, groupId=group1] Adding newly assigned partitions: topic1-0
2024-05-28 19:36:27 - [Consumer clientId=consumer-group2-1, groupId=group2] Setting offset for partition topic2-0 to the committed offset FetchPosition{offset=3, offsetEpoch=Optional.empty, currentLeader=LeaderAndEpoch{leader=Optional[kafka:9093 (id: 1001 rack: null)], epoch=0}}
2024-05-28 19:36:27 - [Consumer clientId=consumer-group1-2, groupId=group1] Setting offset for partition topic1-0 to the committed offset FetchPosition{offset=3, offsetEpoch=Optional.empty, currentLeader=LeaderAndEpoch{leader=Optional[kafka:9093 (id: 1001 rack: null)], epoch=0}}
2024-05-28 19:36:27 - group2: partitions assigned: [topic2-0]
2024-05-28 19:36:27 - group1: partitions assigned: [topic1-0]
2024-05-28 19:36:34 - Initializing Spring DispatcherServlet 'dispatcherServlet'
2024-05-28 19:36:34 - Initializing Servlet 'dispatcherServlet'
2024-05-28 19:36:34 - Detected StandardServletMultipartResolver
2024-05-28 19:36:34 - Detected AcceptHeaderLocaleResolver
2024-05-28 19:36:34 - Detected FixedThemeResolver
2024-05-28 19:36:34 - Detected org.springframework.web.servlet.view.DefaultRequestToViewNameTranslator@1435b17
2024-05-28 19:36:34 - Detected org.springframework.web.servlet.support.SessionFlashMapManager@79224636
2024-05-28 19:36:34 - enableLoggingRequestDetails='false': request parameters and headers will be masked to prevent unsafe logging of potentially sensitive data
2024-05-28 19:36:34 - Completed initialization in 3 ms
2024-05-28 19:36:34 - GET "/swagger-ui/index.html", parameters={}
2024-05-28 19:36:34 - Mapped to ResourceHttpRequestHandler [classpath [META-INF/resources/webjars/]]
2024-05-28 19:36:34 - Completed 200 OK
2024-05-28 19:36:34 - GET "/swagger-ui/swagger-initializer.js", parameters={}
2024-05-28 19:36:34 - Mapped to ResourceHttpRequestHandler [classpath [META-INF/resources/webjars/]]
2024-05-28 19:36:34 - Completed 200 OK
2024-05-28 19:36:34 - GET "/v3/api-docs/swagger-config", parameters={}
2024-05-28 19:36:34 - Mapped to org.springdoc.webmvc.ui.SwaggerConfigResource#openapiJson(HttpServletRequest)
2024-05-28 19:36:34 - Using 'application/json', given [*/*] and supported [application/json]
2024-05-28 19:36:34 - Writing [{configUrl=/v3/api-docs/swagger-config, oauth2RedirectUrl=http://localhost:8080/swagger-ui/oauth2-re (truncated)...]
2024-05-28 19:36:34 - Completed 200 OK
2024-05-28 19:36:34 - GET "/v3/api-docs", parameters={}
2024-05-28 19:36:34 - Mapped to org.springdoc.webmvc.api.OpenApiWebMvcResource#openapiJson(HttpServletRequest, String, Locale)
2024-05-28 19:36:34 - Init duration for springdoc-openapi is: 504 ms
2024-05-28 19:36:34 - Using 'application/json', given [application/json, */*] and supported [application/json]
2024-05-28 19:36:34 - Writing [{123, 34, 111, 112, 101, 110, 97, 112, 105, 34, 58, 34, 51, 46, 48, 46, 49, 34, 44, 34, 105, 110, 10 (truncated)...]
2024-05-28 19:36:34 - Completed 200 OK
2024-05-28 19:36:49 - POST "/elation/authenticate", parameters={}
2024-05-28 19:36:49 - Mapped to com.valhalla.ehrplugin.elation.controller.AuthController#authenticate(AuthRequest)
2024-05-28 19:36:49 - Read "application/json;charset=UTF-8" to [com.valhalla.ehrplugin.elation.dto.authenticationDto.AuthRequest@5e8375c8]
2024-05-28 19:36:49 - Received authentication request: com.valhalla.ehrplugin.elation.dto.authenticationDto.AuthRequest@5e8375c8
2024-05-28 19:36:49 - HTTP POST https://sandbox.elationemr.com/api/2.0/oauth2/token/
2024-05-28 19:36:49 - Accept=[application/json, application/*+json]
2024-05-28 19:36:49 - Writing [{grant_type=[password], username=[2132-346@api.elationemr.com], password=[bb513be17f386ffcc2e8e90790d27032]}] as "application/x-www-form-urlencoded"
2024-05-28 19:36:50 - Response 200 OK
2024-05-28 19:36:50 - Reading to [java.lang.Object]
2024-05-28 19:36:50 - Authentication successful for username: 2132-346@api.elationemr.com
2024-05-28 19:36:50 - Authentication successful for request: com.valhalla.ehrplugin.elation.dto.authenticationDto.AuthRequest@5e8375c8
2024-05-28 19:36:50 - Using 'application/json', given [*/*] and supported [application/json, application/*+json]
2024-05-28 19:36:50 - Writing [{token_type=Bearer, expires_in=3600, access_token=eyJraWQiOiJzM1lYUGdXekxmMWctMjluSkFfSjAtYWt3SzhmQU (truncated)...]
2024-05-28 19:36:50 - Completed 200 OK
